e:\c++-workspace\ftpclient\ftp_socket\debug\vc142.pdb
e:\c++-workspace\ftpclient\ftp_socket\debug\vc142.idb
e:\c++-workspace\ftpclient\ftp_socket\debug\retinfo.obj
e:\c++-workspace\ftpclient\ftp_socket\debug\record.obj
e:\c++-workspace\ftpclient\ftp_socket\debug\mysocket.obj
e:\c++-workspace\ftpclient\ftp_socket\debug\logger.obj
e:\c++-workspace\ftpclient\ftp_socket\debug\ftp_socket.obj
e:\c++-workspace\ftpclient\ftp_socket\debug\ftpexception.obj
e:\c++-workspace\ftpclient\ftp_socket\debug\ftpclient.obj
e:\c++-workspace\ftpclient\ftp_socket\debug\fileinfo.obj
e:\c++-workspace\ftpclient\ftp_socket\debug\file.obj
e:\c++-workspace\ftpclient\ftp_socket\debug\ftp_socket.pdb
e:\c++-workspace\ftpclient\ftp_socket\debug\ftp_socket.idb
e:\c++-workspace\ftpclient\debug\ftp_socket.lib
e:\c++-workspace\ftpclient\debug\ftp_socket.exe
e:\c++-workspace\ftpclient\debug\ftp_socket.ilk
e:\c++-workspace\ftpclient\debug\ftp_socket.pdb
e:\c++-workspace\ftpclient\ftp_socket\debug\ftp_socket.tlog\cl.command.1.tlog
e:\c++-workspace\ftpclient\ftp_socket\debug\ftp_socket.tlog\cl.read.1.tlog
e:\c++-workspace\ftpclient\ftp_socket\debug\ftp_socket.tlog\cl.write.1.tlog
e:\c++-workspace\ftpclient\ftp_socket\debug\ftp_socket.tlog\lib-link.read.1.tlog
e:\c++-workspace\ftpclient\ftp_socket\debug\ftp_socket.tlog\lib-link.write.1.tlog
e:\c++-workspace\ftpclient\ftp_socket\debug\ftp_socket.tlog\lib.command.1.tlog
e:\c++-workspace\ftpclient\ftp_socket\debug\ftp_socket.tlog\link.command.1.tlog
e:\c++-workspace\ftpclient\ftp_socket\debug\ftp_socket.tlog\link.read.1.tlog
e:\c++-workspace\ftpclient\ftp_socket\debug\ftp_socket.tlog\link.write.1.tlog
