e:\c++-workspace\ftpclient\myftp\debug\myftp.pch
e:\c++-workspace\ftpclient\myftp\debug\vc142.pdb
e:\c++-workspace\ftpclient\myftp\debug\vc142.idb
e:\c++-workspace\ftpclient\myftp\debug\pch.obj
e:\c++-workspace\ftpclient\myftp\debug\myftpview.obj
e:\c++-workspace\ftpclient\myftp\debug\myftpdoc.obj
e:\c++-workspace\ftpclient\myftp\debug\myftp.obj
e:\c++-workspace\ftpclient\myftp\debug\mainfrm.obj
e:\c++-workspace\ftpclient\myftp\debug\logindata.obj
e:\c++-workspace\ftpclient\myftp\debug\clogindlg.obj
e:\c++-workspace\ftpclient\myftp\debug\myftp.res
e:\c++-workspace\ftpclient\debug\myftp.pdb
e:\c++-workspace\ftpclient\myftp\debug\myftp.tlog\cl.command.1.tlog
e:\c++-workspace\ftpclient\myftp\debug\myftp.tlog\cl.read.1.tlog
e:\c++-workspace\ftpclient\myftp\debug\myftp.tlog\cl.write.1.tlog
e:\c++-workspace\ftpclient\myftp\debug\myftp.tlog\link-cvtres.read.1.tlog
e:\c++-workspace\ftpclient\myftp\debug\myftp.tlog\link-cvtres.write.1.tlog
e:\c++-workspace\ftpclient\myftp\debug\myftp.tlog\link-mt.read.1.tlog
e:\c++-workspace\ftpclient\myftp\debug\myftp.tlog\link-mt.write.1.tlog
e:\c++-workspace\ftpclient\myftp\debug\myftp.tlog\link-rc.read.1.tlog
e:\c++-workspace\ftpclient\myftp\debug\myftp.tlog\link-rc.write.1.tlog
e:\c++-workspace\ftpclient\myftp\debug\myftp.tlog\link.39348-cvtres.read.1.tlog
e:\c++-workspace\ftpclient\myftp\debug\myftp.tlog\link.39348-cvtres.write.1.tlog
e:\c++-workspace\ftpclient\myftp\debug\myftp.tlog\link.39348-mt.read.1.tlog
e:\c++-workspace\ftpclient\myftp\debug\myftp.tlog\link.39348-mt.write.1.tlog
e:\c++-workspace\ftpclient\myftp\debug\myftp.tlog\link.39348-rc.read.1.tlog
e:\c++-workspace\ftpclient\myftp\debug\myftp.tlog\link.39348-rc.write.1.tlog
e:\c++-workspace\ftpclient\myftp\debug\myftp.tlog\link.39348.read.1.tlog
e:\c++-workspace\ftpclient\myftp\debug\myftp.tlog\link.39348.write.1.tlog
e:\c++-workspace\ftpclient\myftp\debug\myftp.tlog\link.command.1.tlog
e:\c++-workspace\ftpclient\myftp\debug\myftp.tlog\link.read.1.tlog
e:\c++-workspace\ftpclient\myftp\debug\myftp.tlog\link.write.1.tlog
e:\c++-workspace\ftpclient\myftp\debug\myftp.tlog\rc.command.1.tlog
e:\c++-workspace\ftpclient\myftp\debug\myftp.tlog\rc.read.1.tlog
e:\c++-workspace\ftpclient\myftp\debug\myftp.tlog\rc.write.1.tlog
